<?xml version="1.0" encoding="UTF-8"?>
<!-- Generated by org.testng.reporters.JUnitReportReporter -->
<testsuite hostname="Sambit" failures="0" tests="10" name="TelecomeAPI.TelecomeAPI" time="14.346" errors="0" timestamp="2024-12-28T13:38:18 IST" skipped="0">
  <testcase classname="TelecomeAPI.TelecomeAPI" name="addNewUser" time="3.356"/>
  <testcase classname="TelecomeAPI.TelecomeAPI" name="getProfile" time="1.228"/>
  <testcase classname="TelecomeAPI.TelecomeAPI" name="updateUser" time="1.227"/>
  <testcase classname="TelecomeAPI.TelecomeAPI" name="loginUser" time="1.188"/>
  <testcase classname="TelecomeAPI.TelecomeAPI" name="addContact" time="1.225"/>
  <testcase classname="TelecomeAPI.TelecomeAPI" name="getContactList" time="1.149"/>
  <testcase classname="TelecomeAPI.TelecomeAPI" name="getContact" time="1.172"/>
  <testcase classname="TelecomeAPI.TelecomeAPI" name="updateContact" time="1.373"/>
  <testcase classname="TelecomeAPI.TelecomeAPI" name="updateContactpatch" time="1.246"/>
  <testcase classname="TelecomeAPI.TelecomeAPI" name="logoutUser" time="1.182"/>
</testsuite> <!-- TelecomeAPI.TelecomeAPI -->
